d:\workplace\vs\project1\debug\vc142.pdb
d:\workplace\vs\project1\debug\vc142.idb
d:\workplace\vs\project1\debug\tinyxmlparser.obj
d:\workplace\vs\project1\debug\tinyxmlerror.obj
d:\workplace\vs\project1\debug\tinyxml.obj
d:\workplace\vs\project1\debug\tinystr.obj
d:\workplace\vs\project1\debug\main.obj
d:\workplace\vs\project1\debug\variable.obj
d:\workplace\vs\project1\debug\variableref.obj
d:\workplace\vs\project1\debug\operator.obj
d:\workplace\vs\project1\debug\operands.obj
d:\workplace\vs\project1\debug\callexpression.obj
d:\workplace\vs\project1\debug\buildinoperator.obj
d:\workplace\vs\project1\debug\idexpression.obj
d:\workplace\vs\project1\debug\equation.obj
d:\workplace\vs\project1\debug\project.obj
d:\workplace\vs\project1\debug\package.obj
d:\workplace\vs\project1\debug\runnable.obj
d:\workplace\vs\project1\debug\task.obj
d:\workplace\vs\project1\debug\ticks.obj
d:\workplace\vs\project1\debug\taskschedulingalgorithm.obj
d:\workplace\vs\project1\debug\schedulingparameters.obj
d:\workplace\vs\project1\debug\scheduler.obj
d:\workplace\vs\project1\debug\processingunitdefinition.obj
d:\workplace\vs\project1\debug\parameterextension.obj
d:\workplace\vs\project1\debug\osoverhead.obj
d:\workplace\vs\project1\debug\osapioverhead.obj
d:\workplace\vs\project1\debug\labelaccess.obj
d:\workplace\vs\project1\debug\label.obj
d:\workplace\vs\project1\debug\idiscretevaluedeviation.obj
d:\workplace\vs\project1\debug\vendoroperatingsystem.obj
d:\workplace\vs\project1\debug\timeunit.obj
d:\workplace\vs\project1\debug\time.obj
d:\workplace\vs\project1\debug\ticksentry.obj
d:\workplace\vs\project1\debug\tag.obj
d:\workplace\vs\project1\debug\taskscheduler.obj
d:\workplace\vs\project1\debug\taskallocation.obj
d:\workplace\vs\project1\debug\osmodel.obj
d:\workplace\vs\project1\debug\operatingsystem.obj
d:\workplace\vs\project1\debug\mappingmodel.obj
d:\workplace\vs\project1\debug\itimedeviation.obj
d:\workplace\vs\project1\debug\itaggable.obj
d:\workplace\vs\project1\debug\inamespacemember.obj
d:\workplace\vs\project1\debug\hwmodel.obj
d:\workplace\vs\project1\debug\frequencyunit.obj
d:\workplace\vs\project1\debug\frequency.obj
d:\workplace\vs\project1\debug\eventmodel.obj
d:\workplace\vs\project1\debug\datasizeunit.obj
d:\workplace\vs\project1\debug\datasize.obj
d:\workplace\vs\project1\debug\datarateunit.obj
d:\workplace\vs\project1\debug\datarate.obj
d:\workplace\vs\project1\debug\customproperty.obj
d:\workplace\vs\project1\debug\constraintsmodel.obj
d:\workplace\vs\project1\debug\configmodel.obj
d:\workplace\vs\project1\debug\computationitem.obj
d:\workplace\vs\project1\debug\componentsmodel.obj
d:\workplace\vs\project1\debug\commonelements.obj
d:\workplace\vs\project1\debug\clock.obj
d:\workplace\vs\project1\debug\classifier.obj
d:\workplace\vs\project1\debug\value.obj
d:\workplace\vs\project1\debug\stimulus.obj
d:\workplace\vs\project1\debug\stimulimodel.obj
d:\workplace\vs\project1\debug\propertyconstraintsmodel.obj
d:\workplace\vs\project1\debug\namespace.obj
d:\workplace\vs\project1\debug\schedulerassociation.obj
d:\workplace\vs\project1\debug\osdataconsistency.obj
d:\workplace\vs\project1\debug\customevent.obj
d:\workplace\vs\project1\debug\coreclassifier.obj
d:\workplace\vs\project1\debug\connector.obj
d:\workplace\vs\project1\debug\composite.obj
d:\workplace\vs\project1\debug\componentstructure.obj
d:\workplace\vs\project1\debug\componentport.obj
d:\workplace\vs\project1\debug\componentinterface.obj
d:\workplace\vs\project1\debug\componentinstance.obj
d:\workplace\vs\project1\debug\componenteventtype.obj
d:\workplace\vs\project1\debug\componentevent.obj
d:\workplace\vs\project1\debug\component.obj
d:\workplace\vs\project1\debug\channeleventtype.obj
d:\workplace\vs\project1\debug\channelevent.obj
d:\workplace\vs\project1\debug\channel.obj
d:\workplace\vs\project1\debug\boundedtimedistribution.obj
d:\workplace\vs\project1\debug\baseobject.obj
d:\workplace\vs\project1\debug\arrivalcurvestimulus.obj
d:\workplace\vs\project1\debug\affinityconstraint.obj
d:\workplace\vs\project1\debug\abstractprocess.obj
d:\workplace\vs\project1\debug\labeleventtype.obj
d:\workplace\vs\project1\debug\labelevent.obj
d:\workplace\vs\project1\debug\isystem.obj
d:\workplace\vs\project1\debug\ireferable.obj
d:\workplace\vs\project1\debug\interprocessstimulus.obj
d:\workplace\vs\project1\debug\interfacekind.obj
d:\workplace\vs\project1\debug\inamedelement.obj
d:\workplace\vs\project1\debug\iannotatable.obj
d:\workplace\vs\project1\debug\fixedperiodic.obj
d:\workplace\vs\project1\debug\eventstimulus.obj
d:\workplace\vs\project1\debug\eventset.obj
d:\workplace\vs\project1\debug\eventconfig.obj
d:\workplace\vs\project1\debug\eventchain.obj
d:\workplace\vs\project1\debug\event.obj
d:\workplace\vs\project1\debug\entityevent.obj
d:\workplace\vs\project1\debug\datastabilitygroup.obj
d:\workplace\vs\project1\debug\datacoherencygroup.obj
d:\workplace\vs\project1\debug\dataageconstraint.obj
d:\workplace\vs\project1\debug\customstimulus.obj
d:\workplace\vs\project1\debug\runnableeventtype.obj
d:\workplace\vs\project1\debug\runnableevent.obj
d:\workplace\vs\project1\debug\requirement.obj
d:\workplace\vs\project1\debug\relativeperiodicstimulus.obj
d:\workplace\vs\project1\debug\referablebaseobject.obj
d:\workplace\vs\project1\debug\qualifiedport.obj
d:\workplace\vs\project1\debug\processeventtype.obj
d:\workplace\vs\project1\debug\processevent.obj
d:\workplace\vs\project1\debug\processchainevent.obj
d:\workplace\vs\project1\debug\physicalsectionconstraint.obj
d:\workplace\vs\project1\debug\periodicsyntheticstimulus.obj
d:\workplace\vs\project1\debug\periodicstimulus.obj
d:\workplace\vs\project1\debug\periodicburststimulus.obj
d:\workplace\vs\project1\debug\osevent.obj
d:\workplace\vs\project1\debug\memorydefinition.obj
d:\workplace\vs\project1\debug\memoryclassifier.obj
d:\workplace\vs\project1\debug\maininterface.obj
d:\workplace\vs\project1\debug\listobject.obj
d:\workplace\vs\project1\debug\timestatistics.obj
d:\workplace\vs\project1\debug\timeinterval.obj
d:\workplace\vs\project1\debug\timehistogramentry.obj
d:\workplace\vs\project1\debug\timehistogram.obj
d:\workplace\vs\project1\debug\timegaussdistribution.obj
d:\workplace\vs\project1\debug\timeconstant.obj
d:\workplace\vs\project1\debug\timeboundaries.obj
d:\workplace\vs\project1\debug\timebetadistribution.obj
d:\workplace\vs\project1\debug\system.obj
d:\workplace\vs\project1\debug\subinterface.obj
d:\workplace\vs\project1\debug\stimulusevent.obj
d:\workplace\vs\project1\debug\singlestimulus.obj
d:\workplace\vs\project1\debug\scenario.obj
d:\workplace\vs\project1\debug\samplingtype.obj
d:\workplace\vs\project1\debug\runnablesequencingconstraint.obj
d:\workplace\vs\project1\debug\variableratestimulus.obj
d:\workplace\vs\project1\debug\typedefinition.obj
d:\workplace\vs\project1\debug\truncatedtimedistribution.obj
d:\workplace\vs\project1\debug\triggerevent.obj
d:\workplace\vs\project1\debug\timingconstraint.obj
d:\workplace\vs\project1\debug\timeweibullestimatorsdistribution.obj
d:\workplace\vs\project1\debug\timeuniformdistribution.obj
d:\workplace\vs\project1\debug\interruptschedulingalgorithm.obj
d:\workplace\vs\project1\debug\interprocesstrigger.obj
d:\workplace\vs\project1\debug\datatype.obj
d:\workplace\vs\project1\debug\datastabilitylevel.obj
d:\workplace\vs\project1\debug\datastability.obj
d:\workplace\vs\project1\debug\customentity.obj
d:\workplace\vs\project1\debug\curvetype.obj
d:\workplace\vs\project1\debug\counter.obj
d:\workplace\vs\project1\debug\clocksteplist.obj
d:\workplace\vs\project1\debug\clockstep.obj
d:\workplace\vs\project1\debug\clockfunction.obj
d:\workplace\vs\project1\debug\arrivalcurveentry.obj
d:\workplace\vs\project1\debug\accessmultiplicity.obj
d:\workplace\vs\project1\debug\abstractmemoryelement.obj
d:\workplace\vs\project1\debug\osisroverhead.obj
d:\workplace\vs\project1\debug\osdataconsistencymode.obj
d:\workplace\vs\project1\debug\nonatomicdatacoherency.obj
d:\workplace\vs\project1\debug\modevaluecondition.obj
d:\workplace\vs\project1\debug\modelabelcondition.obj
d:\workplace\vs\project1\debug\modelabel.obj
d:\workplace\vs\project1\debug\modeconditiondisjunctionentry.obj
d:\workplace\vs\project1\debug\modeconditionconjunction.obj
d:\workplace\vs\project1\debug\modecondition.obj
d:\workplace\vs\project1\debug\modeassignment.obj
d:\workplace\vs\project1\debug\labeldatastability.obj
d:\workplace\vs\project1\debug\isr.obj
d:\workplace\vs\project1\debug\semaphoretype.obj
d:\workplace\vs\project1\debug\semaphore.obj
d:\workplace\vs\project1\debug\section.obj
d:\workplace\vs\project1\debug\relationaloperator.obj
d:\workplace\vs\project1\debug\processprototype.obj
d:\workplace\vs\project1\debug\process.obj
d:\workplace\vs\project1\debug\modevaluelist.obj
d:\workplace\vs\project1\debug\modevalue.obj
d:\workplace\vs\project1\debug\modeconditiondisjunction.obj
d:\workplace\vs\project1\debug\interruptcontroller.obj
d:\workplace\vs\project1\debug\icontinuousvaluedeviation.obj
d:\workplace\vs\project1\debug\project1.ilk
d:\workplace\vs\project1\debug\project1.exe
d:\workplace\vs\project1\debug\project1.pdb
d:\workplace\vs\project1\debug\project1.res
d:\workplace\vs\project1\debug\project1.tlog\cl.command.1.tlog
d:\workplace\vs\project1\debug\project1.tlog\cl.read.1.tlog
d:\workplace\vs\project1\debug\project1.tlog\cl.write.1.tlog
d:\workplace\vs\project1\debug\project1.tlog\link.command.1.tlog
d:\workplace\vs\project1\debug\project1.tlog\link.read.1.tlog
d:\workplace\vs\project1\debug\project1.tlog\link.write.1.tlog
d:\workplace\vs\project1\debug\project1.tlog\rc.command.1.tlog
d:\workplace\vs\project1\debug\project1.tlog\rc.read.1.tlog
d:\workplace\vs\project1\debug\project1.tlog\rc.write.1.tlog
