  AbstractMemoryElement.cpp
  AbstractProcess.cpp
  AccessMultiplicity.cpp
  AffinityConstraint.cpp
  ArrivalCurveEntry.cpp
  ArrivalCurveStimulus.cpp
  BaseObject.cpp
  BoundedTimeDistribution.cpp
  Channel.cpp
  ChannelEvent.cpp
  ChannelEventType.cpp
  Classifier.cpp
  Clock.cpp
  ClockFunction.cpp
  ClockStep.cpp
  ClockStepList.cpp
  CommonElements.cpp
  Component.cpp
  ComponentEvent.cpp
  ComponentEventType.cpp
  正在生成代码...
  正在编译...
  ComponentInstance.cpp
  ComponentInterface.cpp
  ComponentPort.cpp
  ComponentsModel.cpp
  ComponentStructure.cpp
  Composite.cpp
  ComputationItem.cpp
  ConfigModel.cpp
  Connector.cpp
  ConstraintsModel.cpp
  CoreClassifier.cpp
  Counter.cpp
  CurveType.cpp
  CustomEntity.cpp
  CustomEvent.cpp
  CustomProperty.cpp
  CustomStimulus.cpp
  DataAgeConstraint.cpp
  DataCoherencyGroup.cpp
  DataRate.cpp
  正在生成代码...
  正在编译...
  DataRateUnit.cpp
  DataSize.cpp
  DataSizeUnit.cpp
  DataStability.cpp
  DataStabilityGroup.cpp
  DataStabilityLevel.cpp
  DataType.cpp
  EntityEvent.cpp
  Event.cpp
  EventChain.cpp
  EventConfig.cpp
  EventModel.cpp
  EventSet.cpp
  EventStimulus.cpp
  FixedPeriodic.cpp
  Frequency.cpp
  FrequencyUnit.cpp
  HWModel.cpp
  IAnnotatable.cpp
  IContinuousValueDeviation.cpp
  正在生成代码...
  正在编译...
  IDiscreteValueDeviation.cpp
  INamedElement.cpp
  INamespaceMember.cpp
  InterfaceKind.cpp
  InterProcessStimulus.cpp
  InterProcessTrigger.cpp
  InterruptController.cpp
  InterruptSchedulingAlgorithm.cpp
  IReferable.cpp
  ISR.cpp
  ISystem.cpp
  ITaggable.cpp
  ITimeDeviation.cpp
  Label.cpp
  LabelAccess.cpp
  LabelDataStability.cpp
  LabelEvent.cpp
  LabelEventType.cpp
  ListObject.cpp
  MainInterface.cpp
  正在生成代码...
  正在编译...
  MappingModel.cpp
  MemoryClassifier.cpp
  MemoryDefinition.cpp
  ModeAssignment.cpp
  ModeCondition.cpp
  ModeConditionConjunction.cpp
  ModeConditionDisjunction.cpp
  ModeConditionDisjunctionEntry.cpp
  ModeLabel.cpp
  ModeLabelCondition.cpp
  ModeValue.cpp
  ModeValueCondition.cpp
  ModeValueList.cpp
  Namespace.cpp
  NonAtomicDataCoherency.cpp
  OperatingSystem.cpp
  OsAPIOverhead.cpp
  OsDataConsistency.cpp
  OsDataConsistencyMode.cpp
  OsEvent.cpp
  正在生成代码...
  正在编译...
  OsISROverhead.cpp
  OSModel.cpp
  OsOverhead.cpp
  ParameterExtension.cpp
  PeriodicBurstStimulus.cpp
  PeriodicStimulus.cpp
  PeriodicSyntheticStimulus.cpp
  PhysicalSectionConstraint.cpp
  Process.cpp
  ProcessChainEvent.cpp
  ProcessEvent.cpp
  ProcessEventType.cpp
  ProcessingUnitDefinition.cpp
  ProcessPrototype.cpp
  PropertyConstraintsModel.cpp
  QualifiedPort.cpp
  ReferableBaseObject.cpp
  RelationalOperator.cpp
  RelativePeriodicStimulus.cpp
  Requirement.cpp
  正在生成代码...
  正在编译...
  Runnable.cpp
  CallExpression.cpp
  Equation.cpp
  IdExpression.cpp
  main.cpp
D:\Workplace\VS\Project1\main.cpp(16,30): warning C4390: “;”: 找到空的受控语句；这是否是有意的?
D:\Workplace\VS\Project1\main.cpp(30,15): warning C4101: “hRoot1”: 未引用的局部变量
  Operands.cpp
D:\Workplace\VS\Project1\Operands.cpp(6,20): warning C4018: “<”: 有符号/无符号不匹配
  RunnableEvent.cpp
  RunnableEventType.cpp
  RunnableSequencingConstraint.cpp
  SamplingType.cpp
  Scenario.cpp
  Scheduler.cpp
  SchedulerAssociation.cpp
  SchedulingParameters.cpp
  Section.cpp
  Semaphore.cpp
  SemaphoreType.cpp
  SingleStimulus.cpp
  StimuliModel.cpp
  Stimulus.cpp
  正在生成代码...
  正在编译...
  StimulusEvent.cpp
  SubInterface.cpp
  System.cpp
  Tag.cpp
  Task.cpp
D:\Workplace\VS\Project1\Task.cpp(5,20): warning C4018: “<”: 有符号/无符号不匹配
D:\Workplace\VS\Project1\Task.cpp(40,20): warning C4018: “<”: 有符号/无符号不匹配
D:\Workplace\VS\Project1\Task.cpp(72,20): warning C4018: “<”: 有符号/无符号不匹配
D:\Workplace\VS\Project1\Task.cpp(103,20): warning C4018: “<”: 有符号/无符号不匹配
  Package.cpp
D:\Workplace\VS\Project1\Package.cpp(22,20): warning C4018: “<”: 有符号/无符号不匹配
  Project.cpp
D:\Workplace\VS\Project1\Project.cpp(24,20): warning C4018: “<”: 有符号/无符号不匹配
  TaskAllocation.cpp
  TaskScheduler.cpp
  TaskSchedulingAlgorithm.cpp
  Ticks.cpp
  TicksEntry.cpp
  Time.cpp
  TimeBetaDistribution.cpp
  TimeBoundaries.cpp
  TimeConstant.cpp
  TimeGaussDistribution.cpp
  TimeHistogram.cpp
  TimeHistogramEntry.cpp
  TimeInterval.cpp
  正在生成代码...
  正在编译...
  TimeStatistics.cpp
  TimeUniformDistribution.cpp
  TimeUnit.cpp
  TimeWeibullEstimatorsDistribution.cpp
  TimingConstraint.cpp
  tinystr.cpp
  tinyxml.cpp
  tinyxmlerror.cpp
  tinyxmlparser.cpp
  TriggerEvent.cpp
  TruncatedTimeDistribution.cpp
  TypeDefinition.cpp
  Value.cpp
  Variable.cpp
  VariableRateStimulus.cpp
  VariableRef.cpp
  VendorOperatingSystem.cpp
  正在生成代码...
  Project1.vcxproj -> D:\Workplace\VS\Project1\Debug\Project1.exe
